Compilation failed:
    source file: '/Users/Chao/opencv/cmake/checks/cxx11.cpp'
    check option: ''
===== BUILD LOG =====
Change Dir: /Users/Chao/opencv/build/build_service_mips/CMakeFiles/CMakeTmp

Run Build Command:"/usr/local/bin/ninja" "cmTC_f5761"
[1/2] Building CXX object CMakeFiles/cmTC_f5761.dir/cxx11.cpp.o
FAILED: CMakeFiles/cmTC_f5761.dir/cxx11.cpp.o 
/Users/Chao/android-ndk-r10e/toolchains/mipsel-linux-android-4.9/prebuilt/darwin-x86_64/bin/mipsel-linux-android-g++  -DANDROID -isystem /Users/Chao/android-ndk-r10e/platforms/android-9/arch-mips/usr/include -isystem /Users/Chao/android-ndk-r10e/sources/cxx-stl/gnu-libstdc++/4.9/include -isystem /Users/Chao/android-ndk-r10e/sources/cxx-stl/gnu-libstdc++/4.9/libs/mips/include -isystem /Users/Chao/android-ndk-r10e/sources/cxx-stl/gnu-libstdc++/4.9/include/backward -fexceptions -frtti -fpic -Wno-psabi --sysroot=/Users/Chao/android-ndk-r10e/platforms/android-9/arch-mips -fno-strict-aliasing -finline-functions -funwind-tables -fmessage-length=0 -fno-inline-functions-called-once -fgcse-after-reload -frerun-cse-after-loop -frename-registers -fsigned-char -no-canonical-prefixes -fdata-sections -ffunction-sections -Wa,--noexecstack -o CMakeFiles/cmTC_f5761.dir/cxx11.cpp.o -c /Users/Chao/opencv/cmake/checks/cxx11.cpp
/Users/Chao/opencv/cmake/checks/cxx11.cpp:4:2: error: #error "C++11 is not supported"
 #error "C++11 is not supported"
  ^
/Users/Chao/opencv/cmake/checks/cxx11.cpp: In function 'int main()':
/Users/Chao/opencv/cmake/checks/cxx11.cpp:11:10: error: 'res' does not name a type
     auto res = test();
          ^
/Users/Chao/opencv/cmake/checks/cxx11.cpp:12:12: error: 'res' was not declared in this scope
     return res;
            ^
ninja: build stopped: subcommand failed.

===== END =====

Build output check failed:
    Regex: 'command line option .* is valid for .* but not for C\+\+'
    Output line: 'cc1plus: warning: command line option '-Wmissing-prototypes' is valid for C/ObjC but not for C++'
Compilation failed:
    source file: '/Users/Chao/opencv/build/build_service_mips/CMakeFiles/CMakeTmp/src.cxx'
    check option: ' -fsigned-char -W -Wall -Werror=return-type -Werror=non-virtual-dtor -Werror=address -Werror=sequence-point -Wformat -Werror=format-security -Wmissing-declarations  -Wmissing-prototypes'
===== BUILD LOG =====
Change Dir: /Users/Chao/opencv/build/build_service_mips/CMakeFiles/CMakeTmp

Run Build Command:"/usr/local/bin/ninja" "cmTC_3d7e7"
[1/2] Building CXX object CMakeFiles/cmTC_3d7e7.dir/src.cxx.o
cc1plus: warning: command line option '-Wmissing-prototypes' is valid for C/ObjC but not for C++
src.cxx:1:0: warning: ignoring #pragma   [-Wunknown-pragmas]
 #pragma
 ^
[2/2] Linking CXX executable cmTC_3d7e7

===== END =====

Build output check failed:
    Regex: 'command line option .* is valid for .* but not for C\+\+'
    Output line: 'cc1plus: warning: command line option '-Wstrict-prototypes' is valid for C/ObjC but not for C++'
Compilation failed:
    source file: '/Users/Chao/opencv/build/build_service_mips/CMakeFiles/CMakeTmp/src.cxx'
    check option: ' -fsigned-char -W -Wall -Werror=return-type -Werror=non-virtual-dtor -Werror=address -Werror=sequence-point -Wformat -Werror=format-security -Wmissing-declarations  -Wstrict-prototypes'
===== BUILD LOG =====
Change Dir: /Users/Chao/opencv/build/build_service_mips/CMakeFiles/CMakeTmp

Run Build Command:"/usr/local/bin/ninja" "cmTC_60f5c"
[1/2] Building CXX object CMakeFiles/cmTC_60f5c.dir/src.cxx.o
cc1plus: warning: command line option '-Wstrict-prototypes' is valid for C/ObjC but not for C++
src.cxx:1:0: warning: ignoring #pragma   [-Wunknown-pragmas]
 #pragma
 ^
[2/2] Linking CXX executable cmTC_60f5c

===== END =====

Build output check failed:
    Regex: 'command line option .* is valid for .* but not for C'
    Output line: 'cc1: warning: command line option '-Wsign-promo' is valid for C++/ObjC++ but not for C'
Compilation failed:
    source file: '/Users/Chao/opencv/build/build_service_mips/CMakeFiles/CMakeTmp/src.c'
    check option: ' -fsigned-char -W -Wall -Werror=return-type -Werror=non-virtual-dtor -Werror=address -Werror=sequence-point -Wformat -Werror=format-security -Wmissing-declarations -Wmissing-prototypes -Wstrict-prototypes -Wundef -Winit-self -Wpointer-arith -Wshadow  -Wsign-promo'
===== BUILD LOG =====
Change Dir: /Users/Chao/opencv/build/build_service_mips/CMakeFiles/CMakeTmp

Run Build Command:"/usr/local/bin/ninja" "cmTC_aca68"
[1/2] Building C object CMakeFiles/cmTC_aca68.dir/src.c.o
cc1: warning: command line option '-Wsign-promo' is valid for C++/ObjC++ but not for C
src.c:1:0: warning: ignoring #pragma   [-Wunknown-pragmas]
 #pragma
 ^
[2/2] Linking C executable cmTC_aca68

===== END =====

Build output check failed:
    Regex: 'command line option .* is valid for .* but not for C'
    Output line: 'cc1: warning: command line option '-Wno-delete-non-virtual-dtor' is valid for C++/ObjC++ but not for C'
Compilation failed:
    source file: '/Users/Chao/opencv/build/build_service_mips/CMakeFiles/CMakeTmp/src.c'
    check option: ' -fsigned-char -W -Wall -Werror=return-type -Werror=non-virtual-dtor -Werror=address -Werror=sequence-point -Wformat -Werror=format-security -Wmissing-declarations -Wmissing-prototypes -Wstrict-prototypes -Wundef -Winit-self -Wpointer-arith -Wshadow -Wuninitialized -Winit-self -Wno-narrowing  -Wno-delete-non-virtual-dtor'
===== BUILD LOG =====
Change Dir: /Users/Chao/opencv/build/build_service_mips/CMakeFiles/CMakeTmp

Run Build Command:"/usr/local/bin/ninja" "cmTC_6142a"
[1/2] Building C object CMakeFiles/cmTC_6142a.dir/src.c.o
cc1: warning: command line option '-Wno-delete-non-virtual-dtor' is valid for C++/ObjC++ but not for C
src.c:1:0: warning: ignoring #pragma   [-Wunknown-pragmas]
 #pragma
 ^
[2/2] Linking C executable cmTC_6142a

===== END =====

Build output check failed:
    Regex: 'unrecognized .*option'
    Output line: 'cc1plus: warning: unrecognized command line option "-Wno-unnamed-type-template-args"'
Compilation failed:
    source file: '/Users/Chao/opencv/build/build_service_mips/CMakeFiles/CMakeTmp/src.cxx'
    check option: ' -fsigned-char -W -Wall -Werror=return-type -Werror=non-virtual-dtor -Werror=address -Werror=sequence-point -Wformat -Werror=format-security -Wmissing-declarations -Wundef -Winit-self -Wpointer-arith -Wshadow -Wsign-promo -Wuninitialized -Winit-self -Wno-narrowing -Wno-delete-non-virtual-dtor  -Wno-unnamed-type-template-args'
===== BUILD LOG =====
Change Dir: /Users/Chao/opencv/build/build_service_mips/CMakeFiles/CMakeTmp

Run Build Command:"/usr/local/bin/ninja" "cmTC_bcb58"
[1/2] Building CXX object CMakeFiles/cmTC_bcb58.dir/src.cxx.o
src.cxx:1:0: warning: ignoring #pragma   [-Wunknown-pragmas]
 #pragma
 ^
cc1plus: warning: unrecognized command line option "-Wno-unnamed-type-template-args"
[2/2] Linking CXX executable cmTC_bcb58

===== END =====

Build output check failed:
    Regex: 'unrecognized .*option'
    Output line: 'cc1: warning: unrecognized command line option "-Wno-unnamed-type-template-args"'
Compilation failed:
    source file: '/Users/Chao/opencv/build/build_service_mips/CMakeFiles/CMakeTmp/src.c'
    check option: ' -fsigned-char -W -Wall -Werror=return-type -Werror=non-virtual-dtor -Werror=address -Werror=sequence-point -Wformat -Werror=format-security -Wmissing-declarations -Wmissing-prototypes -Wstrict-prototypes -Wundef -Winit-self -Wpointer-arith -Wshadow -Wuninitialized -Winit-self -Wno-narrowing  -Wno-unnamed-type-template-args'
===== BUILD LOG =====
Change Dir: /Users/Chao/opencv/build/build_service_mips/CMakeFiles/CMakeTmp

Run Build Command:"/usr/local/bin/ninja" "cmTC_68c33"
[1/2] Building C object CMakeFiles/cmTC_68c33.dir/src.c.o
src.c:1:0: warning: ignoring #pragma   [-Wunknown-pragmas]
 #pragma
 ^
cc1: warning: unrecognized command line option "-Wno-unnamed-type-template-args"
[2/2] Linking C executable cmTC_68c33

===== END =====

Build output check failed:
    Regex: 'unrecognized .*option'
    Output line: 'cc1plus: warning: unrecognized command line option "-Wno-implicit-fallthrough"'
Compilation failed:
    source file: '/Users/Chao/opencv/build/build_service_mips/CMakeFiles/CMakeTmp/src.cxx'
    check option: ' -fsigned-char -W -Wall -Werror=return-type -Werror=non-virtual-dtor -Werror=address -Werror=sequence-point -Wformat -Werror=format-security -Wmissing-declarations -Wundef -Winit-self -Wpointer-arith -Wshadow -Wsign-promo -Wuninitialized -Winit-self -Wno-narrowing -Wno-delete-non-virtual-dtor -Wno-comment  -Wno-implicit-fallthrough'
===== BUILD LOG =====
Change Dir: /Users/Chao/opencv/build/build_service_mips/CMakeFiles/CMakeTmp

Run Build Command:"/usr/local/bin/ninja" "cmTC_b8793"
[1/2] Building CXX object CMakeFiles/cmTC_b8793.dir/src.cxx.o
src.cxx:1:0: warning: ignoring #pragma   [-Wunknown-pragmas]
 #pragma
 ^
cc1plus: warning: unrecognized command line option "-Wno-implicit-fallthrough"
[2/2] Linking CXX executable cmTC_b8793

===== END =====

Build output check failed:
    Regex: 'unrecognized .*option'
    Output line: 'cc1: warning: unrecognized command line option "-Wno-implicit-fallthrough"'
Compilation failed:
    source file: '/Users/Chao/opencv/build/build_service_mips/CMakeFiles/CMakeTmp/src.c'
    check option: ' -fsigned-char -W -Wall -Werror=return-type -Werror=non-virtual-dtor -Werror=address -Werror=sequence-point -Wformat -Werror=format-security -Wmissing-declarations -Wmissing-prototypes -Wstrict-prototypes -Wundef -Winit-self -Wpointer-arith -Wshadow -Wuninitialized -Winit-self -Wno-narrowing -Wno-comment  -Wno-implicit-fallthrough'
===== BUILD LOG =====
Change Dir: /Users/Chao/opencv/build/build_service_mips/CMakeFiles/CMakeTmp

Run Build Command:"/usr/local/bin/ninja" "cmTC_c1430"
[1/2] Building C object CMakeFiles/cmTC_c1430.dir/src.c.o
src.c:1:0: warning: ignoring #pragma   [-Wunknown-pragmas]
 #pragma
 ^
cc1: warning: unrecognized command line option "-Wno-implicit-fallthrough"
[2/2] Linking C executable cmTC_c1430

===== END =====

Build output check failed:
    Regex: 'command line option .* is valid for .* but not for C'
    Output line: 'cc1: warning: command line option '-fvisibility-inlines-hidden' is valid for C++/ObjC++ but not for C'
Compilation failed:
    source file: '/Users/Chao/opencv/build/build_service_mips/CMakeFiles/CMakeTmp/src.c'
    check option: ' -fsigned-char -W -Wall -Werror=return-type -Werror=non-virtual-dtor -Werror=address -Werror=sequence-point -Wformat -Werror=format-security -Wmissing-declarations -Wmissing-prototypes -Wstrict-prototypes -Wundef -Winit-self -Wpointer-arith -Wshadow -Wuninitialized -Winit-self -Wno-narrowing -Wno-comment -fdiagnostics-show-option -fomit-frame-pointer  -fvisibility=hidden  -fvisibility-inlines-hidden'
===== BUILD LOG =====
Change Dir: /Users/Chao/opencv/build/build_service_mips/CMakeFiles/CMakeTmp

Run Build Command:"/usr/local/bin/ninja" "cmTC_27508"
[1/2] Building C object CMakeFiles/cmTC_27508.dir/src.c.o
cc1: warning: command line option '-fvisibility-inlines-hidden' is valid for C++/ObjC++ but not for C
src.c:1:0: warning: ignoring #pragma   [-Wunknown-pragmas]
 #pragma
 ^
[2/2] Linking C executable cmTC_27508

===== END =====

Determining if the posix_memalign exist failed with the following output:
Change Dir: /Users/Chao/opencv/build/build_service_mips/CMakeFiles/CMakeTmp

Run Build Command:"/usr/local/bin/ninja" "cmTC_86cde"
[1/2] Building C object CMakeFiles/cmTC_86cde.dir/CheckSymbolExists.c.o
FAILED: CMakeFiles/cmTC_86cde.dir/CheckSymbolExists.c.o 
/Users/Chao/android-ndk-r10e/toolchains/mipsel-linux-android-4.9/prebuilt/darwin-x86_64/bin/mipsel-linux-android-gcc -DANDROID -isystem /Users/Chao/android-ndk-r10e/platforms/android-9/arch-mips/usr/include -isystem /Users/Chao/android-ndk-r10e/sources/cxx-stl/gnu-libstdc++/4.9/include -isystem /Users/Chao/android-ndk-r10e/sources/cxx-stl/gnu-libstdc++/4.9/libs/mips/include -isystem /Users/Chao/android-ndk-r10e/sources/cxx-stl/gnu-libstdc++/4.9/include/backward -fexceptions -fpic -Wno-psabi --sysroot=/Users/Chao/android-ndk-r10e/platforms/android-9/arch-mips -fno-strict-aliasing -finline-functions -funwind-tables -fmessage-length=0 -fno-inline-functions-called-once -fgcse-after-reload -frerun-cse-after-loop -frename-registers -fsigned-char -no-canonical-prefixes -fdata-sections -ffunction-sections -Wa,--noexecstack    -fsigned-char -W -Wall -Werror=return-type -Werror=non-virtual-dtor -Werror=address -Werror=sequence-point -Wformat -Werror=format-security -Wmissing-declarations -Wmissing-prototypes -Wstrict-prototypes -Wundef -Winit-self -Wpointer-arith -Wshadow -Wuninitialized -Winit-self -Wno-narrowing -Wno-comment -fdiagnostics-show-option -fomit-frame-pointer  -fvisibility=hidden  -fomit-frame-pointer -funswitch-loops -finline-limit=300 -O3 -DNDEBUG -o CMakeFiles/cmTC_86cde.dir/CheckSymbolExists.c.o   -c CheckSymbolExists.c
CheckSymbolExists.c: In function 'main':
CheckSymbolExists.c:8:19: error: 'posix_memalign' undeclared (first use in this function)
   return ((int*)(&posix_memalign))[argc];
                   ^
CheckSymbolExists.c:8:19: note: each undeclared identifier is reported only once for each function it appears in
CheckSymbolExists.c:4:14: warning: parameter 'argc' set but not used [-Wunused-but-set-parameter]
 int main(int argc, char** argv)
              ^
CheckSymbolExists.c:13:1: error: control reaches end of non-void function [-Werror=return-type]
 }
 ^
cc1: some warnings being treated as errors
ninja: build stopped: subcommand failed.

File /Users/Chao/opencv/build/build_service_mips/CMakeFiles/CMakeTmp/CheckSymbolExists.c:
/* */
#include <stdlib.h>

int main(int argc, char** argv)
{
  (void)argv;
#ifndef posix_memalign
  return ((int*)(&posix_memalign))[argc];
#else
  (void)argc;
  return 0;
#endif
}

Determining if the include file io.h exists failed with the following output:
Change Dir: /Users/Chao/opencv/build/build_service_mips/CMakeFiles/CMakeTmp

Run Build Command:"/usr/local/bin/ninja" "cmTC_371f3"
[1/2] Building C object CMakeFiles/cmTC_371f3.dir/CheckIncludeFile.c.o
FAILED: CMakeFiles/cmTC_371f3.dir/CheckIncludeFile.c.o 
/Users/Chao/android-ndk-r10e/toolchains/mipsel-linux-android-4.9/prebuilt/darwin-x86_64/bin/mipsel-linux-android-gcc -DANDROID -isystem /Users/Chao/android-ndk-r10e/platforms/android-9/arch-mips/usr/include -isystem /Users/Chao/android-ndk-r10e/sources/cxx-stl/gnu-libstdc++/4.9/include -isystem /Users/Chao/android-ndk-r10e/sources/cxx-stl/gnu-libstdc++/4.9/libs/mips/include -isystem /Users/Chao/android-ndk-r10e/sources/cxx-stl/gnu-libstdc++/4.9/include/backward -fexceptions -fpic -Wno-psabi --sysroot=/Users/Chao/android-ndk-r10e/platforms/android-9/arch-mips -fno-strict-aliasing -finline-functions -funwind-tables -fmessage-length=0 -fno-inline-functions-called-once -fgcse-after-reload -frerun-cse-after-loop -frename-registers -fsigned-char -no-canonical-prefixes -fdata-sections -ffunction-sections -Wa,--noexecstack    -fsigned-char -W -Wall -Werror=return-type -Werror=non-virtual-dtor -Werror=address -Werror=sequence-point -Wformat -Werror=format-security -Wmissing-declarations -Wmissing-prototypes -Wstrict-prototypes -Wundef -Winit-self -Wpointer-arith -Wshadow -Wuninitialized -Winit-self -Wno-narrowing -Wno-comment -fdiagnostics-show-option -fomit-frame-pointer  -fvisibility=hidden  -fomit-frame-pointer -funswitch-loops -finline-limit=300 -O3 -DNDEBUG -o CMakeFiles/cmTC_371f3.dir/CheckIncludeFile.c.o   -c CheckIncludeFile.c
CheckIncludeFile.c:1:16: fatal error: io.h: No such file or directory
 #include <io.h>
                ^
compilation terminated.
ninja: build stopped: subcommand failed.


Determining if the function jbg_newlen exists failed with the following output:
Change Dir: /Users/Chao/opencv/build/build_service_mips/CMakeFiles/CMakeTmp

Run Build Command:"/usr/local/bin/ninja" "cmTC_62a16"
[1/2] Building C object CMakeFiles/cmTC_62a16.dir/CheckFunctionExists.c.o
[2/2] Linking C executable cmTC_62a16
FAILED: cmTC_62a16 
: && /Users/Chao/android-ndk-r10e/toolchains/mipsel-linux-android-4.9/prebuilt/darwin-x86_64/bin/mipsel-linux-android-gcc -fexceptions -fpic -Wno-psabi --sysroot=/Users/Chao/android-ndk-r10e/platforms/android-9/arch-mips -fno-strict-aliasing -finline-functions -funwind-tables -fmessage-length=0 -fno-inline-functions-called-once -fgcse-after-reload -frerun-cse-after-loop -frename-registers -fsigned-char -no-canonical-prefixes -fdata-sections -ffunction-sections -Wa,--noexecstack    -fsigned-char -W -Wall -Werror=return-type -Werror=non-virtual-dtor -Werror=address -Werror=sequence-point -Wformat -Werror=format-security -Wmissing-declarations -Wmissing-prototypes -Wstrict-prototypes -Wundef -Winit-self -Wpointer-arith -Wshadow -Wuninitialized -Winit-self -Wno-narrowing -Wno-comment -fdiagnostics-show-option -fomit-frame-pointer  -fvisibility=hidden -DCHECK_FUNCTION_EXISTS=jbg_newlen -fomit-frame-pointer -funswitch-loops -finline-limit=300 -O3 -DNDEBUG  -Wl,--no-undefined -Wl,-rpath-link,/Users/Chao/android-ndk-r10e/platforms/android-9/arch-mips/usr/lib -Wl,--gc-sections -Wl,-z,noexecstack -Wl,-z,relro -Wl,-z,now -Wl,-z,nocopyreloc CMakeFiles/cmTC_62a16.dir/CheckFunctionExists.c.o -o cmTC_62a16   "/Users/Chao/android-ndk-r10e/sources/cxx-stl/gnu-libstdc++/4.9/libs/mips/libsupc++.a" && :
CMakeFiles/cmTC_62a16.dir/CheckFunctionExists.c.o: In function `main':
CheckFunctionExists.c:(.text.startup.main+0x10): undefined reference to `jbg_newlen'
collect2: error: ld returned 1 exit status
ninja: build stopped: subcommand failed.


Determining if the include file search.h exists failed with the following output:
Change Dir: /Users/Chao/opencv/build/build_service_mips/CMakeFiles/CMakeTmp

Run Build Command:"/usr/local/bin/ninja" "cmTC_0f41d"
[1/2] Building C object CMakeFiles/cmTC_0f41d.dir/CheckIncludeFile.c.o
FAILED: CMakeFiles/cmTC_0f41d.dir/CheckIncludeFile.c.o 
/Users/Chao/android-ndk-r10e/toolchains/mipsel-linux-android-4.9/prebuilt/darwin-x86_64/bin/mipsel-linux-android-gcc -DANDROID -isystem /Users/Chao/android-ndk-r10e/platforms/android-9/arch-mips/usr/include -isystem /Users/Chao/android-ndk-r10e/sources/cxx-stl/gnu-libstdc++/4.9/include -isystem /Users/Chao/android-ndk-r10e/sources/cxx-stl/gnu-libstdc++/4.9/libs/mips/include -isystem /Users/Chao/android-ndk-r10e/sources/cxx-stl/gnu-libstdc++/4.9/include/backward -fexceptions -fpic -Wno-psabi --sysroot=/Users/Chao/android-ndk-r10e/platforms/android-9/arch-mips -fno-strict-aliasing -finline-functions -funwind-tables -fmessage-length=0 -fno-inline-functions-called-once -fgcse-after-reload -frerun-cse-after-loop -frename-registers -fsigned-char -no-canonical-prefixes -fdata-sections -ffunction-sections -Wa,--noexecstack    -fsigned-char -W -Wall -Werror=return-type -Werror=non-virtual-dtor -Werror=address -Werror=sequence-point -Wformat -Werror=format-security -Wmissing-declarations -Wmissing-prototypes -Wstrict-prototypes -Wundef -Winit-self -Wpointer-arith -Wshadow -Wuninitialized -Winit-self -Wno-narrowing -Wno-comment -fdiagnostics-show-option -fomit-frame-pointer  -fvisibility=hidden  -fomit-frame-pointer -funswitch-loops -finline-limit=300 -O3 -DNDEBUG -o CMakeFiles/cmTC_0f41d.dir/CheckIncludeFile.c.o   -c CheckIncludeFile.c
CheckIncludeFile.c:1:20: fatal error: search.h: No such file or directory
 #include <search.h>
                    ^
compilation terminated.
ninja: build stopped: subcommand failed.


Build output check failed:
    Regex: 'unrecognized .*option'
    Output line: 'cc1: warning: unrecognized command line option "-Wno-misleading-indentation"'
Compilation failed:
    source file: '/Users/Chao/opencv/build/build_service_mips/CMakeFiles/CMakeTmp/src.c'
    check option: ' -Wno-misleading-indentation'
===== BUILD LOG =====
Change Dir: /Users/Chao/opencv/build/build_service_mips/CMakeFiles/CMakeTmp

Run Build Command:"/usr/local/bin/ninja" "cmTC_39cc5"
[1/2] Building C object CMakeFiles/cmTC_39cc5.dir/src.c.o
src.c:1:0: warning: ignoring #pragma   [-Wunknown-pragmas]
 #pragma
 ^
cc1: warning: unrecognized command line option "-Wno-misleading-indentation"
[2/2] Linking C executable cmTC_39cc5

===== END =====

Build output check failed:
    Regex: 'unrecognized .*option'
    Output line: 'cc1: warning: unrecognized command line option "-Wno-shift-negative-value"'
Compilation failed:
    source file: '/Users/Chao/opencv/build/build_service_mips/CMakeFiles/CMakeTmp/src.c'
    check option: ' -Wno-shift-negative-value'
===== BUILD LOG =====
Change Dir: /Users/Chao/opencv/build/build_service_mips/CMakeFiles/CMakeTmp

Run Build Command:"/usr/local/bin/ninja" "cmTC_5d713"
[1/2] Building C object CMakeFiles/cmTC_5d713.dir/src.c.o
src.c:1:0: warning: ignoring #pragma   [-Wunknown-pragmas]
 #pragma
 ^
cc1: warning: unrecognized command line option "-Wno-shift-negative-value"
[2/2] Linking C executable cmTC_5d713

===== END =====

Build output check failed:
    Regex: 'unrecognized .*option'
    Output line: 'cc1plus: warning: unrecognized command line option "-Wno-misleading-indentation"'
Compilation failed:
    source file: '/Users/Chao/opencv/build/build_service_mips/CMakeFiles/CMakeTmp/src.cxx'
    check option: ' -Wno-misleading-indentation'
===== BUILD LOG =====
Change Dir: /Users/Chao/opencv/build/build_service_mips/CMakeFiles/CMakeTmp

Run Build Command:"/usr/local/bin/ninja" "cmTC_a6c09"
[1/2] Building CXX object CMakeFiles/cmTC_a6c09.dir/src.cxx.o
src.cxx:1:0: warning: ignoring #pragma   [-Wunknown-pragmas]
 #pragma
 ^
cc1plus: warning: unrecognized command line option "-Wno-misleading-indentation"
[2/2] Linking CXX executable cmTC_a6c09

===== END =====

Build output check failed:
    Regex: 'command line option .* is valid for .* but not for C\+\+'
    Output line: 'cc1plus: warning: command line option '-Wno-missing-prototypes' is valid for C/ObjC but not for C++'
Compilation failed:
    source file: '/Users/Chao/opencv/build/build_service_mips/CMakeFiles/CMakeTmp/src.cxx'
    check option: ' -Wno-missing-prototypes'
===== BUILD LOG =====
Change Dir: /Users/Chao/opencv/build/build_service_mips/CMakeFiles/CMakeTmp

Run Build Command:"/usr/local/bin/ninja" "cmTC_519ed"
[1/2] Building CXX object CMakeFiles/cmTC_519ed.dir/src.cxx.o
cc1plus: warning: command line option '-Wno-missing-prototypes' is valid for C/ObjC but not for C++
src.cxx:1:0: warning: ignoring #pragma   [-Wunknown-pragmas]
 #pragma
 ^
[2/2] Linking CXX executable cmTC_519ed

===== END =====

Build output check failed:
    Regex: 'unrecognized .*option'
    Output line: 'cc1plus: warning: unrecognized command line option "-Wno-tautological-undefined-compare"'
Compilation failed:
    source file: '/Users/Chao/opencv/build/build_service_mips/CMakeFiles/CMakeTmp/src.cxx'
    check option: ' -Wno-tautological-undefined-compare'
===== BUILD LOG =====
Change Dir: /Users/Chao/opencv/build/build_service_mips/CMakeFiles/CMakeTmp

Run Build Command:"/usr/local/bin/ninja" "cmTC_48f0e"
[1/2] Building CXX object CMakeFiles/cmTC_48f0e.dir/src.cxx.o
src.cxx:1:0: warning: ignoring #pragma   [-Wunknown-pragmas]
 #pragma
 ^
cc1plus: warning: unrecognized command line option "-Wno-tautological-undefined-compare"
[2/2] Linking CXX executable cmTC_48f0e

===== END =====

Build output check failed:
    Regex: 'unrecognized .*option'
    Output line: 'cc1plus: warning: unrecognized command line option "-Wno-unused-const-variable"'
Compilation failed:
    source file: '/Users/Chao/opencv/build/build_service_mips/CMakeFiles/CMakeTmp/src.cxx'
    check option: ' -Wno-unused-const-variable'
===== BUILD LOG =====
Change Dir: /Users/Chao/opencv/build/build_service_mips/CMakeFiles/CMakeTmp

Run Build Command:"/usr/local/bin/ninja" "cmTC_4c959"
[1/2] Building CXX object CMakeFiles/cmTC_4c959.dir/src.cxx.o
src.cxx:1:0: warning: ignoring #pragma   [-Wunknown-pragmas]
 #pragma
 ^
cc1plus: warning: unrecognized command line option "-Wno-unused-const-variable"
[2/2] Linking CXX executable cmTC_4c959

===== END =====

Build output check failed:
    Regex: 'unrecognized .*option'
    Output line: 'cc1plus: warning: unrecognized command line option "-Wno-shorten-64-to-32"'
Compilation failed:
    source file: '/Users/Chao/opencv/build/build_service_mips/CMakeFiles/CMakeTmp/src.cxx'
    check option: ' -Wno-shorten-64-to-32'
===== BUILD LOG =====
Change Dir: /Users/Chao/opencv/build/build_service_mips/CMakeFiles/CMakeTmp

Run Build Command:"/usr/local/bin/ninja" "cmTC_262bd"
[1/2] Building CXX object CMakeFiles/cmTC_262bd.dir/src.cxx.o
src.cxx:1:0: warning: ignoring #pragma   [-Wunknown-pragmas]
 #pragma
 ^
cc1plus: warning: unrecognized command line option "-Wno-shorten-64-to-32"
[2/2] Linking CXX executable cmTC_262bd

===== END =====

